<?xml version="1.0" encoding="UTF-8" standalone="no"?>
<!DOCTYPE log SYSTEM "logger.dtd">
<log>
<record>
  <date>2024-01-07T02:10:38.185262Z</date>
  <millis>1704593438185</millis>
  <nanos>262000</nanos>
  <sequence>1107</sequence>
  <logger>org.openqa.selenium.manager.SeleniumManager</logger>
  <level>FINE</level>
  <class>org.openqa.selenium.manager.SeleniumManager</class>
  <method>getBinary</method>
  <thread>1</thread>
  <message>Selenium Manager binary found at: /Users/alicjaszczypior/.cache/selenium/manager/0.4.15/selenium-manager</message>
</record>
<record>
  <date>2024-01-07T02:10:38.185444Z</date>
  <millis>1704593438185</millis>
  <nanos>444000</nanos>
  <sequence>1108</sequence>
  <logger>org.openqa.selenium.manager.SeleniumManager</logger>
  <level>FINE</level>
  <class>org.openqa.selenium.manager.SeleniumManager</class>
  <method>runCommand</method>
  <thread>1</thread>
  <message>Executing Process: [--browser, firefox, --output, json, --debug]</message>
</record>
<record>
  <date>2024-01-07T02:10:38.187609Z</date>
  <millis>1704593438187</millis>
  <nanos>609000</nanos>
  <sequence>1109</sequence>
  <logger>java.lang.ProcessBuilder</logger>
  <level>FINE</level>
  <class>java.lang.ProcessBuilder</class>
  <method>start</method>
  <thread>1</thread>
  <message>ProcessBuilder.start(): pid: 47940, dir: null, cmd: "/Users/alicjaszczypior/.cache/selenium/manager/0.4.15/selenium-manager"</message>
  <exception>
    <message>java.lang.RuntimeException: ProcessBuilder.start() debug</message>
    <frame>
      <class>java.lang.ProcessBuilder</class>
      <method>start</method>
      <line>1147</line>
    </frame>
    <frame>
      <class>java.lang.ProcessBuilder</class>
      <method>start</method>
      <line>1089</line>
    </frame>
    <frame>
      <class>org.openqa.selenium.os.ExternalProcess$Builder</class>
      <method>start</method>
      <line>191</line>
    </frame>
    <frame>
      <class>org.openqa.selenium.manager.SeleniumManager</class>
      <method>runCommand</method>
      <line>125</line>
    </frame>
    <frame>
      <class>org.openqa.selenium.manager.SeleniumManager</class>
      <method>getDriverPath</method>
      <line>287</line>
    </frame>
    <frame>
      <class>org.openqa.selenium.remote.service.DriverFinder</class>
      <method>getPath</method>
      <line>22</line>
    </frame>
    <frame>
      <class>org.openqa.selenium.remote.service.DriverFinder</class>
      <method>getPath</method>
      <line>13</line>
    </frame>
    <frame>
      <class>org.openqa.selenium.firefox.FirefoxDriver</class>
      <method>generateExecutor</method>
      <line>142</line>
    </frame>
    <frame>
      <class>org.openqa.selenium.firefox.FirefoxDriver</class>
      <method>&lt;init&gt;</method>
      <line>133</line>
    </frame>
    <frame>
      <class>org.openqa.selenium.firefox.FirefoxDriver</class>
      <method>&lt;init&gt;</method>
      <line>128</line>
    </frame>
    <frame>
      <class>org.openqa.selenium.firefox.FirefoxDriver</class>
      <method>&lt;init&gt;</method>
      <line>113</line>
    </frame>
    <frame>
      <class>org.openqa.selenium.firefox.FirefoxDriver</class>
      <method>&lt;init&gt;</method>
      <line>103</line>
    </frame>
    <frame>
      <class>StepDefinitionsTheInternet</class>
      <method>getWebDriver</method>
      <line>95</line>
    </frame>
    <frame>
      <class>StepDefinitionsTheInternet</class>
      <method>i_open_the_internet_page</method>
      <line>37</line>
    </frame>
    <frame>
      <class>jdk.internal.reflect.DirectMethodHandleAccessor</class>
      <method>invoke</method>
      <line>103</line>
    </frame>
    <frame>
      <class>java.lang.reflect.Method</class>
      <method>invoke</method>
      <line>580</line>
    </frame>
    <frame>
      <class>io.cucumber.java.Invoker</class>
      <method>doInvoke</method>
      <line>66</line>
    </frame>
    <frame>
      <class>io.cucumber.java.Invoker</class>
      <method>invoke</method>
      <line>24</line>
    </frame>
    <frame>
      <class>io.cucumber.java.AbstractGlueDefinition</class>
      <method>invokeMethod</method>
      <line>47</line>
    </frame>
    <frame>
      <class>io.cucumber.java.JavaStepDefinition</class>
      <method>execute</method>
      <line>29</line>
    </frame>
    <frame>
      <class>io.cucumber.core.runner.CoreStepDefinition</class>
      <method>execute</method>
      <line>66</line>
    </frame>
    <frame>
      <class>io.cucumber.core.runner.PickleStepDefinitionMatch</class>
      <method>runStep</method>
      <line>63</line>
    </frame>
    <frame>
      <class>io.cucumber.core.runner.ExecutionMode$1</class>
      <method>execute</method>
      <line>10</line>
    </frame>
    <frame>
      <class>io.cucumber.core.runner.TestStep</class>
      <method>executeStep</method>
      <line>84</line>
    </frame>
    <frame>
      <class>io.cucumber.core.runner.TestStep</class>
      <method>run</method>
      <line>56</line>
    </frame>
    <frame>
      <class>io.cucumber.core.runner.PickleStepTestStep</class>
      <method>run</method>
      <line>51</line>
    </frame>
    <frame>
      <class>io.cucumber.core.runner.TestCase</class>
      <method>run</method>
      <line>84</line>
    </frame>
    <frame>
      <class>io.cucumber.core.runner.Runner</class>
      <method>runPickle</method>
      <line>75</line>
    </frame>
    <frame>
      <class>io.cucumber.junit.platform.engine.CucumberEngineExecutionContext</class>
      <method>lambda$runTestCase$4</method>
      <line>112</line>
    </frame>
    <frame>
      <class>io.cucumber.core.runtime.CucumberExecutionContext</class>
      <method>lambda$runTestCase$5</method>
      <line>137</line>
    </frame>
    <frame>
      <class>io.cucumber.core.runtime.RethrowingThrowableCollector</class>
      <method>executeAndThrow</method>
      <line>23</line>
    </frame>
    <frame>
      <class>io.cucumber.core.runtime.CucumberExecutionContext</class>
      <method>runTestCase</method>
      <line>137</line>
    </frame>
    <frame>
      <class>io.cucumber.junit.platform.engine.CucumberEngineExecutionContext</class>
      <method>runTestCase</method>
      <line>109</line>
    </frame>
    <frame>
      <class>io.cucumber.junit.platform.engine.NodeDescriptor$PickleDescriptor</class>
      <method>execute</method>
      <line>168</line>
    </frame>
    <frame>
      <class>io.cucumber.junit.platform.engine.NodeDescriptor$PickleDescriptor</class>
      <method>execute</method>
      <line>90</line>
    </frame>
    <frame>
      <class>org.junit.platform.engine.support.hierarchical.NodeTestTask</class>
      <method>lambda$executeRecursively$6</method>
      <line>151</line>
    </frame>
    <frame>
      <class>org.junit.platform.engine.support.hierarchical.ThrowableCollector</class>
      <method>execute</method>
      <line>73</line>
    </frame>
    <frame>
      <class>org.junit.platform.engine.support.hierarchical.NodeTestTask</class>
      <method>lambda$executeRecursively$8</method>
      <line>141</line>
    </frame>
    <frame>
      <class>org.junit.platform.engine.support.hierarchical.Node</class>
      <method>around</method>
      <line>137</line>
    </frame>
    <frame>
      <class>org.junit.platform.engine.support.hierarchical.NodeTestTask</class>
      <method>lambda$executeRecursively$9</method>
      <line>139</line>
    </frame>
    <frame>
      <class>org.junit.platform.engine.support.hierarchical.ThrowableCollector</class>
      <method>execute</method>
      <line>73</line>
    </frame>
    <frame>
      <class>org.junit.platform.engine.support.hierarchical.NodeTestTask</class>
      <method>executeRecursively</method>
      <line>138</line>
    </frame>
    <frame>
      <class>org.junit.platform.engine.support.hierarchical.NodeTestTask</class>
      <method>execute</method>
      <line>95</line>
    </frame>
    <frame>
      <class>java.util.ArrayList</class>
      <method>forEach</method>
      <line>1596</line>
    </frame>
    <frame>
      <class>org.junit.platform.engine.support.hierarchical.SameThreadHierarchicalTestExecutorService</class>
      <method>invokeAll</method>
      <line>41</line>
    </frame>
    <frame>
      <class>org.junit.platform.engine.support.hierarchical.NodeTestTask</class>
      <method>lambda$executeRecursively$6</method>
      <line>155</line>
    </frame>
    <frame>
      <class>org.junit.platform.engine.support.hierarchical.ThrowableCollector</class>
      <method>execute</method>
      <line>73</line>
    </frame>
    <frame>
      <class>org.junit.platform.engine.support.hierarchical.NodeTestTask</class>
      <method>lambda$executeRecursively$8</method>
      <line>141</line>
    </frame>
    <frame>
      <class>org.junit.platform.engine.support.hierarchical.Node</class>
      <method>around</method>
      <line>137</line>
    </frame>
    <frame>
      <class>org.junit.platform.engine.support.hierarchical.NodeTestTask</class>
      <method>lambda$executeRecursively$9</method>
      <line>139</line>
    </frame>
    <frame>
      <class>org.junit.platform.engine.support.hierarchical.ThrowableCollector</class>
      <method>execute</method>
      <line>73</line>
    </frame>
    <frame>
      <class>org.junit.platform.engine.support.hierarchical.NodeTestTask</class>
      <method>executeRecursively</method>
      <line>138</line>
    </frame>
    <frame>
      <class>org.junit.platform.engine.support.hierarchical.NodeTestTask</class>
      <method>execute</method>
      <line>95</line>
    </frame>
    <frame>
      <class>java.util.ArrayList</class>
      <method>forEach</method>
      <line>1596</line>
    </frame>
    <frame>
      <class>org.junit.platform.engine.support.hierarchical.SameThreadHierarchicalTestExecutorService</class>
      <method>invokeAll</method>
      <line>41</line>
    </frame>
    <frame>
      <class>org.junit.platform.engine.support.hierarchical.NodeTestTask</class>
      <method>lambda$executeRecursively$6</method>
      <line>155</line>
    </frame>
    <frame>
      <class>org.junit.platform.engine.support.hierarchical.ThrowableCollector</class>
      <method>execute</method>
      <line>73</line>
    </frame>
    <frame>
      <class>org.junit.platform.engine.support.hierarchical.NodeTestTask</class>
      <method>lambda$executeRecursively$8</method>
      <line>141</line>
    </frame>
    <frame>
      <class>org.junit.platform.engine.support.hierarchical.Node</class>
      <method>around</method>
      <line>137</line>
    </frame>
    <frame>
      <class>org.junit.platform.engine.support.hierarchical.NodeTestTask</class>
      <method>lambda$executeRecursively$9</method>
      <line>139</line>
    </frame>
    <frame>
      <class>org.junit.platform.engine.support.hierarchical.ThrowableCollector</class>
      <method>execute</method>
      <line>73</line>
    </frame>
    <frame>
      <class>org.junit.platform.engine.support.hierarchical.NodeTestTask</class>
      <method>executeRecursively</method>
      <line>138</line>
    </frame>
    <frame>
      <class>org.junit.platform.engine.support.hierarchical.NodeTestTask</class>
      <method>execute</method>
      <line>95</line>
    </frame>
    <frame>
      <class>java.util.ArrayList</class>
      <method>forEach</method>
      <line>1596</line>
    </frame>
    <frame>
      <class>org.junit.platform.engine.support.hierarchical.SameThreadHierarchicalTestExecutorService</class>
      <method>invokeAll</method>
      <line>41</line>
    </frame>
    <frame>
      <class>org.junit.platform.engine.support.hierarchical.NodeTestTask</class>
      <method>lambda$executeRecursively$6</method>
      <line>155</line>
    </frame>
    <frame>
      <class>org.junit.platform.engine.support.hierarchical.ThrowableCollector</class>
      <method>execute</method>
      <line>73</line>
    </frame>
    <frame>
      <class>org.junit.platform.engine.support.hierarchical.NodeTestTask</class>
      <method>lambda$executeRecursively$8</method>
      <line>141</line>
    </frame>
    <frame>
      <class>org.junit.platform.engine.support.hierarchical.Node</class>
      <method>around</method>
      <line>137</line>
    </frame>
    <frame>
      <class>org.junit.platform.engine.support.hierarchical.NodeTestTask</class>
      <method>lambda$executeRecursively$9</method>
      <line>139</line>
    </frame>
    <frame>
      <class>org.junit.platform.engine.support.hierarchical.ThrowableCollector</class>
      <method>execute</method>
      <line>73</line>
    </frame>
    <frame>
      <class>org.junit.platform.engine.support.hierarchical.NodeTestTask</class>
      <method>executeRecursively</method>
      <line>138</line>
    </frame>
    <frame>
      <class>org.junit.platform.engine.support.hierarchical.NodeTestTask</class>
      <method>execute</method>
      <line>95</line>
    </frame>
    <frame>
      <class>java.util.ArrayList</class>
      <method>forEach</method>
      <line>1596</line>
    </frame>
    <frame>
      <class>org.junit.platform.engine.support.hierarchical.SameThreadHierarchicalTestExecutorService</class>
      <method>invokeAll</method>
      <line>41</line>
    </frame>
    <frame>
      <class>org.junit.platform.engine.support.hierarchical.NodeTestTask</class>
      <method>lambda$executeRecursively$6</method>
      <line>155</line>
    </frame>
    <frame>
      <class>org.junit.platform.engine.support.hierarchical.ThrowableCollector</class>
      <method>execute</method>
      <line>73</line>
    </frame>
    <frame>
      <class>org.junit.platform.engine.support.hierarchical.NodeTestTask</class>
      <method>lambda$executeRecursively$8</method>
      <line>141</line>
    </frame>
    <frame>
      <class>org.junit.platform.engine.support.hierarchical.Node</class>
      <method>around</method>
      <line>137</line>
    </frame>
    <frame>
      <class>org.junit.platform.engine.support.hierarchical.NodeTestTask</class>
      <method>lambda$executeRecursively$9</method>
      <line>139</line>
    </frame>
    <frame>
      <class>org.junit.platform.engine.support.hierarchical.ThrowableCollector</class>
      <method>execute</method>
      <line>73</line>
    </frame>
    <frame>
      <class>org.junit.platform.engine.support.hierarchical.NodeTestTask</class>
      <method>executeRecursively</method>
      <line>138</line>
    </frame>
    <frame>
      <class>org.junit.platform.engine.support.hierarchical.NodeTestTask</class>
      <method>execute</method>
      <line>95</line>
    </frame>
    <frame>
      <class>org.junit.platform.engine.support.hierarchical.SameThreadHierarchicalTestExecutorService</class>
      <method>submit</method>
      <line>35</line>
    </frame>
    <frame>
      <class>org.junit.platform.engine.support.hierarchical.HierarchicalTestExecutor</class>
      <method>execute</method>
      <line>57</line>
    </frame>
    <frame>
      <class>org.junit.platform.engine.support.hierarchical.HierarchicalTestEngine</class>
      <method>execute</method>
      <line>54</line>
    </frame>
    <frame>
      <class>org.junit.platform.launcher.core.EngineExecutionOrchestrator</class>
      <method>execute</method>
      <line>198</line>
    </frame>
    <frame>
      <class>org.junit.platform.launcher.core.EngineExecutionOrchestrator</class>
      <method>execute</method>
      <line>169</line>
    </frame>
    <frame>
      <class>org.junit.platform.launcher.core.EngineExecutionOrchestrator</class>
      <method>execute</method>
      <line>93</line>
    </frame>
    <frame>
      <class>org.junit.platform.launcher.core.EngineExecutionOrchestrator</class>
      <method>execute</method>
      <line>76</line>
    </frame>
    <frame>
      <class>org.junit.platform.suite.engine.SuiteLauncher</class>
      <method>execute</method>
      <line>63</line>
    </frame>
    <frame>
      <class>org.junit.platform.suite.engine.SuiteTestDescriptor</class>
      <method>execute</method>
      <line>128</line>
    </frame>
    <frame>
      <class>org.junit.platform.suite.engine.SuiteTestEngine</class>
      <method>lambda$execute$0</method>
      <line>73</line>
    </frame>
    <frame>
      <class>java.util.stream.ForEachOps$ForEachOp$OfRef</class>
      <method>accept</method>
      <line>184</line>
    </frame>
    <frame>
      <class>java.util.stream.ReferencePipeline$3$1</class>
      <method>accept</method>
      <line>197</line>
    </frame>
    <frame>
      <class>java.util.Iterator</class>
      <method>forEachRemaining</method>
      <line>133</line>
    </frame>
    <frame>
      <class>java.util.Spliterators$IteratorSpliterator</class>
      <method>forEachRemaining</method>
      <line>1939</line>
    </frame>
    <frame>
      <class>java.util.stream.AbstractPipeline</class>
      <method>copyInto</method>
      <line>509</line>
    </frame>
    <frame>
      <class>java.util.stream.AbstractPipeline</class>
      <method>wrapAndCopyInto</method>
      <line>499</line>
    </frame>
    <frame>
      <class>java.util.stream.ForEachOps$ForEachOp</class>
      <method>evaluateSequential</method>
      <line>151</line>
    </frame>
    <frame>
      <class>java.util.stream.ForEachOps$ForEachOp$OfRef</class>
      <method>evaluateSequential</method>
      <line>174</line>
    </frame>
    <frame>
      <class>java.util.stream.AbstractPipeline</class>
      <method>evaluate</method>
      <line>234</line>
    </frame>
    <frame>
      <class>java.util.stream.ReferencePipeline</class>
      <method>forEach</method>
      <line>596</line>
    </frame>
    <frame>
      <class>org.junit.platform.suite.engine.SuiteTestEngine</class>
      <method>execute</method>
      <line>73</line>
    </frame>
    <frame>
      <class>org.junit.platform.launcher.core.EngineExecutionOrchestrator</class>
      <method>execute</method>
      <line>198</line>
    </frame>
    <frame>
      <class>org.junit.platform.launcher.core.EngineExecutionOrchestrator</class>
      <method>execute</method>
      <line>169</line>
    </frame>
    <frame>
      <class>org.junit.platform.launcher.core.EngineExecutionOrchestrator</class>
      <method>execute</method>
      <line>93</line>
    </frame>
    <frame>
      <class>org.junit.platform.launcher.core.EngineExecutionOrchestrator</class>
      <method>lambda$execute$0</method>
      <line>58</line>
    </frame>
    <frame>
      <class>org.junit.platform.launcher.core.EngineExecutionOrchestrator</class>
      <method>withInterceptedStreams</method>
      <line>141</line>
    </frame>
    <frame>
      <class>org.junit.platform.launcher.core.EngineExecutionOrchestrator</class>
      <method>execute</method>
      <line>57</line>
    </frame>
    <frame>
      <class>org.junit.platform.launcher.core.DefaultLauncher</class>
      <method>execute</method>
      <line>103</line>
    </frame>
    <frame>
      <class>org.junit.platform.launcher.core.DefaultLauncher</class>
      <method>execute</method>
      <line>85</line>
    </frame>
    <frame>
      <class>org.junit.platform.launcher.core.DelegatingLauncher</class>
      <method>execute</method>
      <line>47</line>
    </frame>
    <frame>
      <class>org.apache.maven.surefire.junitplatform.LazyLauncher</class>
      <method>execute</method>
      <line>56</line>
    </frame>
    <frame>
      <class>org.apache.maven.surefire.junitplatform.JUnitPlatformProvider</class>
      <method>execute</method>
      <line>184</line>
    </frame>
    <frame>
      <class>org.apache.maven.surefire.junitplatform.JUnitPlatformProvider</class>
      <method>invokeAllTests</method>
      <line>148</line>
    </frame>
    <frame>
      <class>org.apache.maven.surefire.junitplatform.JUnitPlatformProvider</class>
      <method>invoke</method>
      <line>122</line>
    </frame>
    <frame>
      <class>org.apache.maven.surefire.booter.ForkedBooter</class>
      <method>runSuitesInProcess</method>
      <line>385</line>
    </frame>
    <frame>
      <class>org.apache.maven.surefire.booter.ForkedBooter</class>
      <method>execute</method>
      <line>162</line>
    </frame>
    <frame>
      <class>org.apache.maven.surefire.booter.ForkedBooter</class>
      <method>run</method>
      <line>507</line>
    </frame>
    <frame>
      <class>org.apache.maven.surefire.booter.ForkedBooter</class>
      <method>main</method>
      <line>495</line>
    </frame>
  </exception>
</record>
<record>
  <date>2024-01-07T02:10:38.294144Z</date>
  <millis>1704593438294</millis>
  <nanos>144000</nanos>
  <sequence>1110</sequence>
  <logger>org.openqa.selenium.manager.SeleniumManager</logger>
  <level>FINE</level>
  <class>org.openqa.selenium.manager.SeleniumManager</class>
  <method>lambda$runCommand$1</method>
  <thread>1</thread>
  <message>geckodriver not found in PATH</message>
</record>
<record>
  <date>2024-01-07T02:10:38.294359Z</date>
  <millis>1704593438294</millis>
  <nanos>359000</nanos>
  <sequence>1111</sequence>
  <logger>org.openqa.selenium.manager.SeleniumManager</logger>
  <level>FINE</level>
  <class>org.openqa.selenium.manager.SeleniumManager</class>
  <method>lambda$runCommand$1</method>
  <thread>1</thread>
  <message>firefox not found in PATH</message>
</record>
<record>
  <date>2024-01-07T02:10:38.294451Z</date>
  <millis>1704593438294</millis>
  <nanos>451000</nanos>
  <sequence>1112</sequence>
  <logger>org.openqa.selenium.manager.SeleniumManager</logger>
  <level>FINE</level>
  <class>org.openqa.selenium.manager.SeleniumManager</class>
  <method>lambda$runCommand$1</method>
  <thread>1</thread>
  <message>firefox not found in the system</message>
</record>
<record>
  <date>2024-01-07T02:10:38.294533Z</date>
  <millis>1704593438294</millis>
  <nanos>533000</nanos>
  <sequence>1113</sequence>
  <logger>org.openqa.selenium.manager.SeleniumManager</logger>
  <level>FINE</level>
  <class>org.openqa.selenium.manager.SeleniumManager</class>
  <method>lambda$runCommand$1</method>
  <thread>1</thread>
  <message>Required browser: firefox 121.0</message>
</record>
<record>
  <date>2024-01-07T02:10:38.294616Z</date>
  <millis>1704593438294</millis>
  <nanos>616000</nanos>
  <sequence>1114</sequence>
  <logger>org.openqa.selenium.manager.SeleniumManager</logger>
  <level>FINE</level>
  <class>org.openqa.selenium.manager.SeleniumManager</class>
  <method>lambda$runCommand$1</method>
  <thread>1</thread>
  <message>firefox 121.0 already exists</message>
</record>
<record>
  <date>2024-01-07T02:10:38.294688Z</date>
  <millis>1704593438294</millis>
  <nanos>688000</nanos>
  <sequence>1115</sequence>
  <logger>org.openqa.selenium.manager.SeleniumManager</logger>
  <level>FINE</level>
  <class>org.openqa.selenium.manager.SeleniumManager</class>
  <method>lambda$runCommand$1</method>
  <thread>1</thread>
  <message>firefox 121.0 is available at /Users/alicjaszczypior/.cache/selenium/firefox/mac-arm64/121.0/Firefox.app/Contents/MacOS/firefox</message>
</record>
<record>
  <date>2024-01-07T02:10:38.294779Z</date>
  <millis>1704593438294</millis>
  <nanos>779000</nanos>
  <sequence>1116</sequence>
  <logger>org.openqa.selenium.manager.SeleniumManager</logger>
  <level>FINE</level>
  <class>org.openqa.selenium.manager.SeleniumManager</class>
  <method>lambda$runCommand$1</method>
  <thread>1</thread>
  <message>Required driver: geckodriver 0.34.0</message>
</record>
<record>
  <date>2024-01-07T02:10:38.294862Z</date>
  <millis>1704593438294</millis>
  <nanos>862000</nanos>
  <sequence>1117</sequence>
  <logger>org.openqa.selenium.manager.SeleniumManager</logger>
  <level>FINE</level>
  <class>org.openqa.selenium.manager.SeleniumManager</class>
  <method>lambda$runCommand$1</method>
  <thread>1</thread>
  <message>geckodriver 0.34.0 already in the cache</message>
</record>
<record>
  <date>2024-01-07T02:10:38.294939Z</date>
  <millis>1704593438294</millis>
  <nanos>939000</nanos>
  <sequence>1118</sequence>
  <logger>org.openqa.selenium.manager.SeleniumManager</logger>
  <level>FINE</level>
  <class>org.openqa.selenium.manager.SeleniumManager</class>
  <method>lambda$runCommand$1</method>
  <thread>1</thread>
  <message>Driver path: /Users/alicjaszczypior/.cache/selenium/geckodriver/mac-arm64/0.34.0/geckodriver</message>
</record>
<record>
  <date>2024-01-07T02:10:38.295025Z</date>
  <millis>1704593438295</millis>
  <nanos>25000</nanos>
  <sequence>1119</sequence>
  <logger>org.openqa.selenium.manager.SeleniumManager</logger>
  <level>FINE</level>
  <class>org.openqa.selenium.manager.SeleniumManager</class>
  <method>lambda$runCommand$1</method>
  <thread>1</thread>
  <message>Browser path: /Users/alicjaszczypior/.cache/selenium/firefox/mac-arm64/121.0/Firefox.app/Contents/MacOS/firefox</message>
</record>
<record>
  <date>2024-01-07T02:10:38.295143Z</date>
  <millis>1704593438295</millis>
  <nanos>143000</nanos>
  <sequence>1120</sequence>
  <logger>org.openqa.selenium.manager.SeleniumManager</logger>
  <level>FINE</level>
  <class>org.openqa.selenium.manager.SeleniumManager</class>
  <method>getDriverPath</method>
  <thread>1</thread>
  <message>Using driver at location: /Users/alicjaszczypior/.cache/selenium/geckodriver/mac-arm64/0.34.0/geckodriver, browser at location /Users/alicjaszczypior/.cache/selenium/firefox/mac-arm64/121.0/Firefox.app/Contents/MacOS/firefox</message>
</record>
<record>
  <date>2024-01-07T02:10:38.295988Z</date>
  <millis>1704593438295</millis>
  <nanos>988000</nanos>
  <sequence>1121</sequence>
  <logger>org.openqa.selenium.remote.RemoteWebDriver</logger>
  <level>FINE</level>
  <class>org.openqa.selenium.remote.RemoteWebDriver</class>
  <method>log</method>
  <thread>1</thread>
  <message>Executing: newSession [null, newSession {capabilities=[Capabilities {acceptInsecureCerts: true, browserName: firefox, moz:debuggerAddress: true, moz:firefoxOptions: {binary: /Users/alicjaszczypior/.cac...}}]}]</message>
</record>
<record>
  <date>2024-01-07T02:10:38.296259Z</date>
  <millis>1704593438296</millis>
  <nanos>259000</nanos>
  <sequence>1122</sequence>
  <logger>org.openqa.selenium.remote.service.DriverService</logger>
  <level>FINE</level>
  <class>org.openqa.selenium.remote.service.DriverService</class>
  <method>start</method>
  <thread>1</thread>
  <message>Starting driver at /Users/alicjaszczypior/.cache/selenium/geckodriver/mac-arm64/0.34.0/geckodriver with [--port=31324, --websocket-port=36250, --allow-origins, http://127.0.0.1:36250, http://localhost:36250, http://[::1]:36250]</message>
</record>
<record>
  <date>2024-01-07T02:10:38.298379Z</date>
  <millis>1704593438298</millis>
  <nanos>379000</nanos>
  <sequence>1123</sequence>
  <logger>java.lang.ProcessBuilder</logger>
  <level>FINE</level>
  <class>java.lang.ProcessBuilder</class>
  <method>start</method>
  <thread>1</thread>
  <message>ProcessBuilder.start(): pid: 47960, dir: null, cmd: "/Users/alicjaszczypior/.cache/selenium/geckodriver/mac-arm64/0.34.0/geckodriver"</message>
  <exception>
    <message>java.lang.RuntimeException: ProcessBuilder.start() debug</message>
    <frame>
      <class>java.lang.ProcessBuilder</class>
      <method>start</method>
      <line>1147</line>
    </frame>
    <frame>
      <class>java.lang.ProcessBuilder</class>
      <method>start</method>
      <line>1089</line>
    </frame>
    <frame>
      <class>org.openqa.selenium.os.ExternalProcess$Builder</class>
      <method>start</method>
      <line>191</line>
    </frame>
    <frame>
      <class>org.openqa.selenium.remote.service.DriverService</class>
      <method>start</method>
      <line>208</line>
    </frame>
    <frame>
      <class>org.openqa.selenium.remote.service.DriverCommandExecutor</class>
      <method>execute</method>
      <line>119</line>
    </frame>
    <frame>
      <class>org.openqa.selenium.remote.RemoteWebDriver</class>
      <method>execute</method>
      <line>607</line>
    </frame>
    <frame>
      <class>org.openqa.selenium.remote.RemoteWebDriver</class>
      <method>startSession</method>
      <line>241</line>
    </frame>
    <frame>
      <class>org.openqa.selenium.remote.RemoteWebDriver</class>
      <method>&lt;init&gt;</method>
      <line>168</line>
    </frame>
    <frame>
      <class>org.openqa.selenium.firefox.FirefoxDriver</class>
      <method>&lt;init&gt;</method>
      <line>157</line>
    </frame>
    <frame>
      <class>org.openqa.selenium.firefox.FirefoxDriver</class>
      <method>&lt;init&gt;</method>
      <line>152</line>
    </frame>
    <frame>
      <class>org.openqa.selenium.firefox.FirefoxDriver</class>
      <method>&lt;init&gt;</method>
      <line>133</line>
    </frame>
    <frame>
      <class>org.openqa.selenium.firefox.FirefoxDriver</class>
      <method>&lt;init&gt;</method>
      <line>128</line>
    </frame>
    <frame>
      <class>org.openqa.selenium.firefox.FirefoxDriver</class>
      <method>&lt;init&gt;</method>
      <line>113</line>
    </frame>
    <frame>
      <class>org.openqa.selenium.firefox.FirefoxDriver</class>
      <method>&lt;init&gt;</method>
      <line>103</line>
    </frame>
    <frame>
      <class>StepDefinitionsTheInternet</class>
      <method>getWebDriver</method>
      <line>95</line>
    </frame>
    <frame>
      <class>StepDefinitionsTheInternet</class>
      <method>i_open_the_internet_page</method>
      <line>37</line>
    </frame>
    <frame>
      <class>jdk.internal.reflect.DirectMethodHandleAccessor</class>
      <method>invoke</method>
      <line>103</line>
    </frame>
    <frame>
      <class>java.lang.reflect.Method</class>
      <method>invoke</method>
      <line>580</line>
    </frame>
    <frame>
      <class>io.cucumber.java.Invoker</class>
      <method>doInvoke</method>
      <line>66</line>
    </frame>
    <frame>
      <class>io.cucumber.java.Invoker</class>
      <method>invoke</method>
      <line>24</line>
    </frame>
    <frame>
      <class>io.cucumber.java.AbstractGlueDefinition</class>
      <method>invokeMethod</method>
      <line>47</line>
    </frame>
    <frame>
      <class>io.cucumber.java.JavaStepDefinition</class>
      <method>execute</method>
      <line>29</line>
    </frame>
    <frame>
      <class>io.cucumber.core.runner.CoreStepDefinition</class>
      <method>execute</method>
      <line>66</line>
    </frame>
    <frame>
      <class>io.cucumber.core.runner.PickleStepDefinitionMatch</class>
      <method>runStep</method>
      <line>63</line>
    </frame>
    <frame>
      <class>io.cucumber.core.runner.ExecutionMode$1</class>
      <method>execute</method>
      <line>10</line>
    </frame>
    <frame>
      <class>io.cucumber.core.runner.TestStep</class>
      <method>executeStep</method>
      <line>84</line>
    </frame>
    <frame>
      <class>io.cucumber.core.runner.TestStep</class>
      <method>run</method>
      <line>56</line>
    </frame>
    <frame>
      <class>io.cucumber.core.runner.PickleStepTestStep</class>
      <method>run</method>
      <line>51</line>
    </frame>
    <frame>
      <class>io.cucumber.core.runner.TestCase</class>
      <method>run</method>
      <line>84</line>
    </frame>
    <frame>
      <class>io.cucumber.core.runner.Runner</class>
      <method>runPickle</method>
      <line>75</line>
    </frame>
    <frame>
      <class>io.cucumber.junit.platform.engine.CucumberEngineExecutionContext</class>
      <method>lambda$runTestCase$4</method>
      <line>112</line>
    </frame>
    <frame>
      <class>io.cucumber.core.runtime.CucumberExecutionContext</class>
      <method>lambda$runTestCase$5</method>
      <line>137</line>
    </frame>
    <frame>
      <class>io.cucumber.core.runtime.RethrowingThrowableCollector</class>
      <method>executeAndThrow</method>
      <line>23</line>
    </frame>
    <frame>
      <class>io.cucumber.core.runtime.CucumberExecutionContext</class>
      <method>runTestCase</method>
      <line>137</line>
    </frame>
    <frame>
      <class>io.cucumber.junit.platform.engine.CucumberEngineExecutionContext</class>
      <method>runTestCase</method>
      <line>109</line>
    </frame>
    <frame>
      <class>io.cucumber.junit.platform.engine.NodeDescriptor$PickleDescriptor</class>
      <method>execute</method>
      <line>168</line>
    </frame>
    <frame>
      <class>io.cucumber.junit.platform.engine.NodeDescriptor$PickleDescriptor</class>
      <method>execute</method>
      <line>90</line>
    </frame>
    <frame>
      <class>org.junit.platform.engine.support.hierarchical.NodeTestTask</class>
      <method>lambda$executeRecursively$6</method>
      <line>151</line>
    </frame>
    <frame>
      <class>org.junit.platform.engine.support.hierarchical.ThrowableCollector</class>
      <method>execute</method>
      <line>73</line>
    </frame>
    <frame>
      <class>org.junit.platform.engine.support.hierarchical.NodeTestTask</class>
      <method>lambda$executeRecursively$8</method>
      <line>141</line>
    </frame>
    <frame>
      <class>org.junit.platform.engine.support.hierarchical.Node</class>
      <method>around</method>
      <line>137</line>
    </frame>
    <frame>
      <class>org.junit.platform.engine.support.hierarchical.NodeTestTask</class>
      <method>lambda$executeRecursively$9</method>
      <line>139</line>
    </frame>
    <frame>
      <class>org.junit.platform.engine.support.hierarchical.ThrowableCollector</class>
      <method>execute</method>
      <line>73</line>
    </frame>
    <frame>
      <class>org.junit.platform.engine.support.hierarchical.NodeTestTask</class>
      <method>executeRecursively</method>
      <line>138</line>
    </frame>
    <frame>
      <class>org.junit.platform.engine.support.hierarchical.NodeTestTask</class>
      <method>execute</method>
      <line>95</line>
    </frame>
    <frame>
      <class>java.util.ArrayList</class>
      <method>forEach</method>
      <line>1596</line>
    </frame>
    <frame>
      <class>org.junit.platform.engine.support.hierarchical.SameThreadHierarchicalTestExecutorService</class>
      <method>invokeAll</method>
      <line>41</line>
    </frame>
    <frame>
      <class>org.junit.platform.engine.support.hierarchical.NodeTestTask</class>
      <method>lambda$executeRecursively$6</method>
      <line>155</line>
    </frame>
    <frame>
      <class>org.junit.platform.engine.support.hierarchical.ThrowableCollector</class>
      <method>execute</method>
      <line>73</line>
    </frame>
    <frame>
      <class>org.junit.platform.engine.support.hierarchical.NodeTestTask</class>
      <method>lambda$executeRecursively$8</method>
      <line>141</line>
    </frame>
    <frame>
      <class>org.junit.platform.engine.support.hierarchical.Node</class>
      <method>around</method>
      <line>137</line>
    </frame>
    <frame>
      <class>org.junit.platform.engine.support.hierarchical.NodeTestTask</class>
      <method>lambda$executeRecursively$9</method>
      <line>139</line>
    </frame>
    <frame>
      <class>org.junit.platform.engine.support.hierarchical.ThrowableCollector</class>
      <method>execute</method>
      <line>73</line>
    </frame>
    <frame>
      <class>org.junit.platform.engine.support.hierarchical.NodeTestTask</class>
      <method>executeRecursively</method>
      <line>138</line>
    </frame>
    <frame>
      <class>org.junit.platform.engine.support.hierarchical.NodeTestTask</class>
      <method>execute</method>
      <line>95</line>
    </frame>
    <frame>
      <class>java.util.ArrayList</class>
      <method>forEach</method>
      <line>1596</line>
    </frame>
    <frame>
      <class>org.junit.platform.engine.support.hierarchical.SameThreadHierarchicalTestExecutorService</class>
      <method>invokeAll</method>
      <line>41</line>
    </frame>
    <frame>
      <class>org.junit.platform.engine.support.hierarchical.NodeTestTask</class>
      <method>lambda$executeRecursively$6</method>
      <line>155</line>
    </frame>
    <frame>
      <class>org.junit.platform.engine.support.hierarchical.ThrowableCollector</class>
      <method>execute</method>
      <line>73</line>
    </frame>
    <frame>
      <class>org.junit.platform.engine.support.hierarchical.NodeTestTask</class>
      <method>lambda$executeRecursively$8</method>
      <line>141</line>
    </frame>
    <frame>
      <class>org.junit.platform.engine.support.hierarchical.Node</class>
      <method>around</method>
      <line>137</line>
    </frame>
    <frame>
      <class>org.junit.platform.engine.support.hierarchical.NodeTestTask</class>
      <method>lambda$executeRecursively$9</method>
      <line>139</line>
    </frame>
    <frame>
      <class>org.junit.platform.engine.support.hierarchical.ThrowableCollector</class>
      <method>execute</method>
      <line>73</line>
    </frame>
    <frame>
      <class>org.junit.platform.engine.support.hierarchical.NodeTestTask</class>
      <method>executeRecursively</method>
      <line>138</line>
    </frame>
    <frame>
      <class>org.junit.platform.engine.support.hierarchical.NodeTestTask</class>
      <method>execute</method>
      <line>95</line>
    </frame>
    <frame>
      <class>java.util.ArrayList</class>
      <method>forEach</method>
      <line>1596</line>
    </frame>
    <frame>
      <class>org.junit.platform.engine.support.hierarchical.SameThreadHierarchicalTestExecutorService</class>
      <method>invokeAll</method>
      <line>41</line>
    </frame>
    <frame>
      <class>org.junit.platform.engine.support.hierarchical.NodeTestTask</class>
      <method>lambda$executeRecursively$6</method>
      <line>155</line>
    </frame>
    <frame>
      <class>org.junit.platform.engine.support.hierarchical.ThrowableCollector</class>
      <method>execute</method>
      <line>73</line>
    </frame>
    <frame>
      <class>org.junit.platform.engine.support.hierarchical.NodeTestTask</class>
      <method>lambda$executeRecursively$8</method>
      <line>141</line>
    </frame>
    <frame>
      <class>org.junit.platform.engine.support.hierarchical.Node</class>
      <method>around</method>
      <line>137</line>
    </frame>
    <frame>
      <class>org.junit.platform.engine.support.hierarchical.NodeTestTask</class>
      <method>lambda$executeRecursively$9</method>
      <line>139</line>
    </frame>
    <frame>
      <class>org.junit.platform.engine.support.hierarchical.ThrowableCollector</class>
      <method>execute</method>
      <line>73</line>
    </frame>
    <frame>
      <class>org.junit.platform.engine.support.hierarchical.NodeTestTask</class>
      <method>executeRecursively</method>
      <line>138</line>
    </frame>
    <frame>
      <class>org.junit.platform.engine.support.hierarchical.NodeTestTask</class>
      <method>execute</method>
      <line>95</line>
    </frame>
    <frame>
      <class>java.util.ArrayList</class>
      <method>forEach</method>
      <line>1596</line>
    </frame>
    <frame>
      <class>org.junit.platform.engine.support.hierarchical.SameThreadHierarchicalTestExecutorService</class>
      <method>invokeAll</method>
      <line>41</line>
    </frame>
    <frame>
      <class>org.junit.platform.engine.support.hierarchical.NodeTestTask</class>
      <method>lambda$executeRecursively$6</method>
      <line>155</line>
    </frame>
    <frame>
      <class>org.junit.platform.engine.support.hierarchical.ThrowableCollector</class>
      <method>execute</method>
      <line>73</line>
    </frame>
    <frame>
      <class>org.junit.platform.engine.support.hierarchical.NodeTestTask</class>
      <method>lambda$executeRecursively$8</method>
      <line>141</line>
    </frame>
    <frame>
      <class>org.junit.platform.engine.support.hierarchical.Node</class>
      <method>around</method>
      <line>137</line>
    </frame>
    <frame>
      <class>org.junit.platform.engine.support.hierarchical.NodeTestTask</class>
      <method>lambda$executeRecursively$9</method>
      <line>139</line>
    </frame>
    <frame>
      <class>org.junit.platform.engine.support.hierarchical.ThrowableCollector</class>
      <method>execute</method>
      <line>73</line>
    </frame>
    <frame>
      <class>org.junit.platform.engine.support.hierarchical.NodeTestTask</class>
      <method>executeRecursively</method>
      <line>138</line>
    </frame>
    <frame>
      <class>org.junit.platform.engine.support.hierarchical.NodeTestTask</class>
      <method>execute</method>
      <line>95</line>
    </frame>
    <frame>
      <class>org.junit.platform.engine.support.hierarchical.SameThreadHierarchicalTestExecutorService</class>
      <method>submit</method>
      <line>35</line>
    </frame>
    <frame>
      <class>org.junit.platform.engine.support.hierarchical.HierarchicalTestExecutor</class>
      <method>execute</method>
      <line>57</line>
    </frame>
    <frame>
      <class>org.junit.platform.engine.support.hierarchical.HierarchicalTestEngine</class>
      <method>execute</method>
      <line>54</line>
    </frame>
    <frame>
      <class>org.junit.platform.launcher.core.EngineExecutionOrchestrator</class>
      <method>execute</method>
      <line>198</line>
    </frame>
    <frame>
      <class>org.junit.platform.launcher.core.EngineExecutionOrchestrator</class>
      <method>execute</method>
      <line>169</line>
    </frame>
    <frame>
      <class>org.junit.platform.launcher.core.EngineExecutionOrchestrator</class>
      <method>execute</method>
      <line>93</line>
    </frame>
    <frame>
      <class>org.junit.platform.launcher.core.EngineExecutionOrchestrator</class>
      <method>execute</method>
      <line>76</line>
    </frame>
    <frame>
      <class>org.junit.platform.suite.engine.SuiteLauncher</class>
      <method>execute</method>
      <line>63</line>
    </frame>
    <frame>
      <class>org.junit.platform.suite.engine.SuiteTestDescriptor</class>
      <method>execute</method>
      <line>128</line>
    </frame>
    <frame>
      <class>org.junit.platform.suite.engine.SuiteTestEngine</class>
      <method>lambda$execute$0</method>
      <line>73</line>
    </frame>
    <frame>
      <class>java.util.stream.ForEachOps$ForEachOp$OfRef</class>
      <method>accept</method>
      <line>184</line>
    </frame>
    <frame>
      <class>java.util.stream.ReferencePipeline$3$1</class>
      <method>accept</method>
      <line>197</line>
    </frame>
    <frame>
      <class>java.util.Iterator</class>
      <method>forEachRemaining</method>
      <line>133</line>
    </frame>
    <frame>
      <class>java.util.Spliterators$IteratorSpliterator</class>
      <method>forEachRemaining</method>
      <line>1939</line>
    </frame>
    <frame>
      <class>java.util.stream.AbstractPipeline</class>
      <method>copyInto</method>
      <line>509</line>
    </frame>
    <frame>
      <class>java.util.stream.AbstractPipeline</class>
      <method>wrapAndCopyInto</method>
      <line>499</line>
    </frame>
    <frame>
      <class>java.util.stream.ForEachOps$ForEachOp</class>
      <method>evaluateSequential</method>
      <line>151</line>
    </frame>
    <frame>
      <class>java.util.stream.ForEachOps$ForEachOp$OfRef</class>
      <method>evaluateSequential</method>
      <line>174</line>
    </frame>
    <frame>
      <class>java.util.stream.AbstractPipeline</class>
      <method>evaluate</method>
      <line>234</line>
    </frame>
    <frame>
      <class>java.util.stream.ReferencePipeline</class>
      <method>forEach</method>
      <line>596</line>
    </frame>
    <frame>
      <class>org.junit.platform.suite.engine.SuiteTestEngine</class>
      <method>execute</method>
      <line>73</line>
    </frame>
    <frame>
      <class>org.junit.platform.launcher.core.EngineExecutionOrchestrator</class>
      <method>execute</method>
      <line>198</line>
    </frame>
    <frame>
      <class>org.junit.platform.launcher.core.EngineExecutionOrchestrator</class>
      <method>execute</method>
      <line>169</line>
    </frame>
    <frame>
      <class>org.junit.platform.launcher.core.EngineExecutionOrchestrator</class>
      <method>execute</method>
      <line>93</line>
    </frame>
    <frame>
      <class>org.junit.platform.launcher.core.EngineExecutionOrchestrator</class>
      <method>lambda$execute$0</method>
      <line>58</line>
    </frame>
    <frame>
      <class>org.junit.platform.launcher.core.EngineExecutionOrchestrator</class>
      <method>withInterceptedStreams</method>
      <line>141</line>
    </frame>
    <frame>
      <class>org.junit.platform.launcher.core.EngineExecutionOrchestrator</class>
      <method>execute</method>
      <line>57</line>
    </frame>
    <frame>
      <class>org.junit.platform.launcher.core.DefaultLauncher</class>
      <method>execute</method>
      <line>103</line>
    </frame>
    <frame>
      <class>org.junit.platform.launcher.core.DefaultLauncher</class>
      <method>execute</method>
      <line>85</line>
    </frame>
    <frame>
      <class>org.junit.platform.launcher.core.DelegatingLauncher</class>
      <method>execute</method>
      <line>47</line>
    </frame>
    <frame>
      <class>org.apache.maven.surefire.junitplatform.LazyLauncher</class>
      <method>execute</method>
      <line>56</line>
    </frame>
    <frame>
      <class>org.apache.maven.surefire.junitplatform.JUnitPlatformProvider</class>
      <method>execute</method>
      <line>184</line>
    </frame>
    <frame>
      <class>org.apache.maven.surefire.junitplatform.JUnitPlatformProvider</class>
      <method>invokeAllTests</method>
      <line>148</line>
    </frame>
    <frame>
      <class>org.apache.maven.surefire.junitplatform.JUnitPlatformProvider</class>
      <method>invoke</method>
      <line>122</line>
    </frame>
    <frame>
      <class>org.apache.maven.surefire.booter.ForkedBooter</class>
      <method>runSuitesInProcess</method>
      <line>385</line>
    </frame>
    <frame>
      <class>org.apache.maven.surefire.booter.ForkedBooter</class>
      <method>execute</method>
      <line>162</line>
    </frame>
    <frame>
      <class>org.apache.maven.surefire.booter.ForkedBooter</class>
      <method>run</method>
      <line>507</line>
    </frame>
    <frame>
      <class>org.apache.maven.surefire.booter.ForkedBooter</class>
      <method>main</method>
      <line>495</line>
    </frame>
  </exception>
</record>
<record>
  <date>2024-01-07T02:10:38.303062Z</date>
  <millis>1704593438303</millis>
  <nanos>62000</nanos>
  <sequence>1124</sequence>
  <logger>org.openqa.selenium.remote.http.jdk.JdkHttpClient</logger>
  <level>FINE</level>
  <class>org.openqa.selenium.remote.http.jdk.JdkHttpClient</class>
  <method>execute0</method>
  <thread>1</thread>
  <message>Executing request: (POST) /session</message>
</record>
<record>
  <date>2024-01-07T02:10:39.638986Z</date>
  <millis>1704593439638</millis>
  <nanos>986000</nanos>
  <sequence>1125</sequence>
  <logger>org.openqa.selenium.remote.http.jdk.JdkHttpClient</logger>
  <level>FINE</level>
  <class>org.openqa.selenium.remote.http.jdk.JdkHttpClient</class>
  <method>execute0</method>
  <thread>1</thread>
  <message>Ending request (POST) /session in 1335ms</message>
</record>
<record>
  <date>2024-01-07T02:10:39.639831Z</date>
  <millis>1704593439639</millis>
  <nanos>831000</nanos>
  <sequence>1126</sequence>
  <logger>org.openqa.selenium.remote.ProtocolHandshake</logger>
  <level>FINE</level>
  <class>org.openqa.selenium.remote.ProtocolHandshake</class>
  <method>createSession</method>
  <thread>1</thread>
  <message>Detected upstream dialect: W3C</message>
</record>
<record>
  <date>2024-01-07T02:10:39.641499Z</date>
  <millis>1704593439641</millis>
  <nanos>499000</nanos>
  <sequence>1127</sequence>
  <logger>org.openqa.selenium.remote.RemoteWebDriver</logger>
  <level>FINE</level>
  <class>org.openqa.selenium.remote.RemoteWebDriver</class>
  <method>log</method>
  <thread>1</thread>
  <message>Executed: newSession Capabilities {acceptInsecureCerts: true, browserName: firefox, browserVersion: 121.0, moz:accessibilityChecks: false, moz:buildID: 20231211174248, moz:debuggerAddress: 127.0.0.1:36250, moz:geckodriverVersion: 0.34.0, moz:headless: false, moz:platformVersion: 23.0.0, moz:processID: 47961, moz:profile: /var/folders/lh/7rb4x90x5fv..., moz:shutdownTimeout: 60000, moz:webdriverClick: true, moz:windowless: false, pageLoadStrategy: normal, platformName: mac, proxy: Proxy(), setWindowRect: true, strictFileInteractability: false, timeouts: {implicit: 0, pageLoad: 300000, script: 30000}, unhandledPromptBehavior: dismiss and notify}</message>
</record>
<record>
  <date>2024-01-07T02:10:39.642195Z</date>
  <millis>1704593439642</millis>
  <nanos>195000</nanos>
  <sequence>1128</sequence>
  <logger>org.openqa.selenium.devtools.CdpEndpointFinder</logger>
  <level>FINE</level>
  <class>org.openqa.selenium.devtools.CdpEndpointFinder</class>
  <method>getReportedUri</method>
  <thread>1</thread>
  <message>URI found: http://127.0.0.1:36250</message>
</record>
<record>
  <date>2024-01-07T02:10:39.642598Z</date>
  <millis>1704593439642</millis>
  <nanos>598000</nanos>
  <sequence>1129</sequence>
  <logger>org.openqa.selenium.remote.http.jdk.JdkHttpClient</logger>
  <level>FINE</level>
  <class>org.openqa.selenium.remote.http.jdk.JdkHttpClient</class>
  <method>execute0</method>
  <thread>1</thread>
  <message>Executing request: (GET) /json/version</message>
</record>
<record>
  <date>2024-01-07T02:10:39.644634Z</date>
  <millis>1704593439644</millis>
  <nanos>634000</nanos>
  <sequence>1130</sequence>
  <logger>org.openqa.selenium.remote.http.jdk.JdkHttpClient</logger>
  <level>FINE</level>
  <class>org.openqa.selenium.remote.http.jdk.JdkHttpClient</class>
  <method>execute0</method>
  <thread>1</thread>
  <message>Ending request (GET) /json/version in 2ms</message>
</record>
<record>
  <date>2024-01-07T02:10:39.645008Z</date>
  <millis>1704593439645</millis>
  <nanos>8000</nanos>
  <sequence>1131</sequence>
  <logger></logger>
  <level>INFO</level>
  <class>StepDefinitionsTheInternet</class>
  <method>i_open_the_internet_page</method>
  <thread>1</thread>
  <message>Opened Browser: firefox</message>
</record>
<record>
  <date>2024-01-07T02:10:39.645233Z</date>
  <millis>1704593439645</millis>
  <nanos>233000</nanos>
  <sequence>1132</sequence>
  <logger></logger>
  <level>INFO</level>
  <class>pages.TestTheInternet</class>
  <method>openWebApp</method>
  <thread>1</thread>
  <message>I am opening TheInternet Web App</message>
</record>
<record>
  <date>2024-01-07T02:10:39.645391Z</date>
  <millis>1704593439645</millis>
  <nanos>391000</nanos>
  <sequence>1133</sequence>
  <logger>org.openqa.selenium.remote.RemoteWebDriver</logger>
  <level>FINE</level>
  <class>org.openqa.selenium.remote.RemoteWebDriver</class>
  <method>log</method>
  <thread>1</thread>
  <message>Executing: get [cc7bee2c-35ea-475c-bde3-c3fa4f2003dd, get {url=https://the-internet.herokuapp.com/}]</message>
</record>
<record>
  <date>2024-01-07T02:10:39.645736Z</date>
  <millis>1704593439645</millis>
  <nanos>736000</nanos>
  <sequence>1134</sequence>
  <logger>org.openqa.selenium.remote.http.jdk.JdkHttpClient</logger>
  <level>FINE</level>
  <class>org.openqa.selenium.remote.http.jdk.JdkHttpClient</class>
  <method>execute0</method>
  <thread>1</thread>
  <message>Executing request: (POST) /session/cc7bee2c-35ea-475c-bde3-c3fa4f2003dd/url</message>
</record>
<record>
  <date>2024-01-07T02:10:42.380199Z</date>
  <millis>1704593442380</millis>
  <nanos>199000</nanos>
  <sequence>1135</sequence>
  <logger>org.openqa.selenium.remote.http.jdk.JdkHttpClient</logger>
  <level>FINE</level>
  <class>org.openqa.selenium.remote.http.jdk.JdkHttpClient</class>
  <method>execute0</method>
  <thread>1</thread>
  <message>Ending request (POST) /session/cc7bee2c-35ea-475c-bde3-c3fa4f2003dd/url in 2735ms</message>
</record>
<record>
  <date>2024-01-07T02:10:42.380759Z</date>
  <millis>1704593442380</millis>
  <nanos>759000</nanos>
  <sequence>1136</sequence>
  <logger>org.openqa.selenium.remote.RemoteWebDriver</logger>
  <level>FINE</level>
  <class>org.openqa.selenium.remote.RemoteWebDriver</class>
  <method>log</method>
  <thread>1</thread>
  <message>Executed: get (Response: SessionID: cc7bee2c-35ea-475c-bde3-c3fa4f2003dd, State: success, Value: null)</message>
</record>
<record>
  <date>2024-01-07T02:10:42.380971Z</date>
  <millis>1704593442380</millis>
  <nanos>971000</nanos>
  <sequence>1137</sequence>
  <logger>org.openqa.selenium.remote.RemoteWebDriver</logger>
  <level>FINE</level>
  <class>org.openqa.selenium.remote.RemoteWebDriver</class>
  <method>log</method>
  <thread>1</thread>
  <message>Executing: maximizeCurrentWindow [cc7bee2c-35ea-475c-bde3-c3fa4f2003dd, maximizeCurrentWindow {}]</message>
</record>
<record>
  <date>2024-01-07T02:10:42.381291Z</date>
  <millis>1704593442381</millis>
  <nanos>291000</nanos>
  <sequence>1138</sequence>
  <logger>org.openqa.selenium.remote.http.jdk.JdkHttpClient</logger>
  <level>FINE</level>
  <class>org.openqa.selenium.remote.http.jdk.JdkHttpClient</class>
  <method>execute0</method>
  <thread>1</thread>
  <message>Executing request: (POST) /session/cc7bee2c-35ea-475c-bde3-c3fa4f2003dd/window/maximize</message>
</record>
<record>
  <date>2024-01-07T02:10:42.898088Z</date>
  <millis>1704593442898</millis>
  <nanos>88000</nanos>
  <sequence>1139</sequence>
  <logger>org.openqa.selenium.remote.http.jdk.JdkHttpClient</logger>
  <level>FINE</level>
  <class>org.openqa.selenium.remote.http.jdk.JdkHttpClient</class>
  <method>execute0</method>
  <thread>1</thread>
  <message>Ending request (POST) /session/cc7bee2c-35ea-475c-bde3-c3fa4f2003dd/window/maximize in 517ms</message>
</record>
<record>
  <date>2024-01-07T02:10:42.898706Z</date>
  <millis>1704593442898</millis>
  <nanos>706000</nanos>
  <sequence>1140</sequence>
  <logger>org.openqa.selenium.remote.RemoteWebDriver</logger>
  <level>FINE</level>
  <class>org.openqa.selenium.remote.RemoteWebDriver</class>
  <method>log</method>
  <thread>1</thread>
  <message>Executed: maximizeCurrentWindow (Response: SessionID: cc7bee2c-35ea-475c-bde3-c3fa4f2003dd, State: success, Value: {x=0, y=38, width=1512, height=944})</message>
</record>
<record>
  <date>2024-01-07T02:10:42.898901Z</date>
  <millis>1704593442898</millis>
  <nanos>901000</nanos>
  <sequence>1141</sequence>
  <logger>org.openqa.selenium.remote.RemoteWebDriver</logger>
  <level>FINE</level>
  <class>org.openqa.selenium.remote.RemoteWebDriver</class>
  <method>log</method>
  <thread>1</thread>
  <message>Executing: setTimeout [cc7bee2c-35ea-475c-bde3-c3fa4f2003dd, setTimeout {implicit=1000}]</message>
</record>
<record>
  <date>2024-01-07T02:10:42.899409Z</date>
  <millis>1704593442899</millis>
  <nanos>409000</nanos>
  <sequence>1142</sequence>
  <logger>org.openqa.selenium.remote.http.jdk.JdkHttpClient</logger>
  <level>FINE</level>
  <class>org.openqa.selenium.remote.http.jdk.JdkHttpClient</class>
  <method>execute0</method>
  <thread>1</thread>
  <message>Executing request: (POST) /session/cc7bee2c-35ea-475c-bde3-c3fa4f2003dd/timeouts</message>
</record>
<record>
  <date>2024-01-07T02:10:42.901816Z</date>
  <millis>1704593442901</millis>
  <nanos>816000</nanos>
  <sequence>1143</sequence>
  <logger>org.openqa.selenium.remote.http.jdk.JdkHttpClient</logger>
  <level>FINE</level>
  <class>org.openqa.selenium.remote.http.jdk.JdkHttpClient</class>
  <method>execute0</method>
  <thread>1</thread>
  <message>Ending request (POST) /session/cc7bee2c-35ea-475c-bde3-c3fa4f2003dd/timeouts in 2ms</message>
</record>
<record>
  <date>2024-01-07T02:10:42.902108Z</date>
  <millis>1704593442902</millis>
  <nanos>108000</nanos>
  <sequence>1144</sequence>
  <logger>org.openqa.selenium.remote.RemoteWebDriver</logger>
  <level>FINE</level>
  <class>org.openqa.selenium.remote.RemoteWebDriver</class>
  <method>log</method>
  <thread>1</thread>
  <message>Executed: setTimeout (Response: SessionID: cc7bee2c-35ea-475c-bde3-c3fa4f2003dd, State: success, Value: null)</message>
</record>
<record>
  <date>2024-01-07T02:10:42.903574Z</date>
  <millis>1704593442903</millis>
  <nanos>574000</nanos>
  <sequence>1145</sequence>
  <logger>org.openqa.selenium.remote.RemoteWebDriver</logger>
  <level>FINE</level>
  <class>org.openqa.selenium.remote.RemoteWebDriver</class>
  <method>log</method>
  <thread>1</thread>
  <message>Executing: findElement [cc7bee2c-35ea-475c-bde3-c3fa4f2003dd, findElement {using=xpath, value=//div[@id="content"]//li//a[@href='/login']}]</message>
</record>
<record>
  <date>2024-01-07T02:10:42.904021Z</date>
  <millis>1704593442904</millis>
  <nanos>21000</nanos>
  <sequence>1146</sequence>
  <logger>org.openqa.selenium.remote.http.jdk.JdkHttpClient</logger>
  <level>FINE</level>
  <class>org.openqa.selenium.remote.http.jdk.JdkHttpClient</class>
  <method>execute0</method>
  <thread>1</thread>
  <message>Executing request: (POST) /session/cc7bee2c-35ea-475c-bde3-c3fa4f2003dd/element</message>
</record>
<record>
  <date>2024-01-07T02:10:42.916660Z</date>
  <millis>1704593442916</millis>
  <nanos>660000</nanos>
  <sequence>1147</sequence>
  <logger>org.openqa.selenium.remote.http.jdk.JdkHttpClient</logger>
  <level>FINE</level>
  <class>org.openqa.selenium.remote.http.jdk.JdkHttpClient</class>
  <method>execute0</method>
  <thread>1</thread>
  <message>Ending request (POST) /session/cc7bee2c-35ea-475c-bde3-c3fa4f2003dd/element in 12ms</message>
</record>
<record>
  <date>2024-01-07T02:10:42.917478Z</date>
  <millis>1704593442917</millis>
  <nanos>478000</nanos>
  <sequence>1148</sequence>
  <logger>org.openqa.selenium.remote.RemoteWebDriver</logger>
  <level>FINE</level>
  <class>org.openqa.selenium.remote.RemoteWebDriver</class>
  <method>log</method>
  <thread>1</thread>
  <message>Executed: findElement (Response: SessionID: cc7bee2c-35ea-475c-bde3-c3fa4f2003dd, State: success, Value: {element-6066-11e4-a52e-4f735466cecf=c26eefd1-4114-4405-ae7d-cc19463d43cf})</message>
</record>
<record>
  <date>2024-01-07T02:10:42.918054Z</date>
  <millis>1704593442918</millis>
  <nanos>54000</nanos>
  <sequence>1149</sequence>
  <logger>org.openqa.selenium.remote.RemoteWebDriver</logger>
  <level>FINE</level>
  <class>org.openqa.selenium.remote.RemoteWebDriver</class>
  <method>log</method>
  <thread>1</thread>
  <message>Executing: clickElement [cc7bee2c-35ea-475c-bde3-c3fa4f2003dd, clickElement {id=c26eefd1-4114-4405-ae7d-cc19463d43cf}]</message>
</record>
<record>
  <date>2024-01-07T02:10:42.918898Z</date>
  <millis>1704593442918</millis>
  <nanos>898000</nanos>
  <sequence>1150</sequence>
  <logger>org.openqa.selenium.remote.http.jdk.JdkHttpClient</logger>
  <level>FINE</level>
  <class>org.openqa.selenium.remote.http.jdk.JdkHttpClient</class>
  <method>execute0</method>
  <thread>1</thread>
  <message>Executing request: (POST) /session/cc7bee2c-35ea-475c-bde3-c3fa4f2003dd/element/c26eefd1-4114-4405-ae7d-cc19463d43cf/click</message>
</record>
<record>
  <date>2024-01-07T02:10:43.285707Z</date>
  <millis>1704593443285</millis>
  <nanos>707000</nanos>
  <sequence>1151</sequence>
  <logger>org.openqa.selenium.remote.http.jdk.JdkHttpClient</logger>
  <level>FINE</level>
  <class>org.openqa.selenium.remote.http.jdk.JdkHttpClient</class>
  <method>execute0</method>
  <thread>1</thread>
  <message>Ending request (POST) /session/cc7bee2c-35ea-475c-bde3-c3fa4f2003dd/element/c26eefd1-4114-4405-ae7d-cc19463d43cf/click in 366ms</message>
</record>
<record>
  <date>2024-01-07T02:10:43.286224Z</date>
  <millis>1704593443286</millis>
  <nanos>224000</nanos>
  <sequence>1152</sequence>
  <logger>org.openqa.selenium.remote.RemoteWebDriver</logger>
  <level>FINE</level>
  <class>org.openqa.selenium.remote.RemoteWebDriver</class>
  <method>log</method>
  <thread>1</thread>
  <message>Executed: clickElement (Response: SessionID: cc7bee2c-35ea-475c-bde3-c3fa4f2003dd, State: success, Value: null)</message>
</record>
<record>
  <date>2024-01-07T02:10:43.286946Z</date>
  <millis>1704593443286</millis>
  <nanos>946000</nanos>
  <sequence>1153</sequence>
  <logger>org.openqa.selenium.remote.RemoteWebDriver</logger>
  <level>FINE</level>
  <class>org.openqa.selenium.remote.RemoteWebDriver</class>
  <method>log</method>
  <thread>1</thread>
  <message>Executing: findElement [cc7bee2c-35ea-475c-bde3-c3fa4f2003dd, findElement {using=id, value=username}]</message>
</record>
<record>
  <date>2024-01-07T02:10:43.287313Z</date>
  <millis>1704593443287</millis>
  <nanos>313000</nanos>
  <sequence>1154</sequence>
  <logger>org.openqa.selenium.remote.http.jdk.JdkHttpClient</logger>
  <level>FINE</level>
  <class>org.openqa.selenium.remote.http.jdk.JdkHttpClient</class>
  <method>execute0</method>
  <thread>1</thread>
  <message>Executing request: (POST) /session/cc7bee2c-35ea-475c-bde3-c3fa4f2003dd/element</message>
</record>
<record>
  <date>2024-01-07T02:10:43.290618Z</date>
  <millis>1704593443290</millis>
  <nanos>618000</nanos>
  <sequence>1155</sequence>
  <logger>org.openqa.selenium.remote.http.jdk.JdkHttpClient</logger>
  <level>FINE</level>
  <class>org.openqa.selenium.remote.http.jdk.JdkHttpClient</class>
  <method>execute0</method>
  <thread>1</thread>
  <message>Ending request (POST) /session/cc7bee2c-35ea-475c-bde3-c3fa4f2003dd/element in 3ms</message>
</record>
<record>
  <date>2024-01-07T02:10:43.291022Z</date>
  <millis>1704593443291</millis>
  <nanos>22000</nanos>
  <sequence>1156</sequence>
  <logger>org.openqa.selenium.remote.RemoteWebDriver</logger>
  <level>FINE</level>
  <class>org.openqa.selenium.remote.RemoteWebDriver</class>
  <method>log</method>
  <thread>1</thread>
  <message>Executed: findElement (Response: SessionID: cc7bee2c-35ea-475c-bde3-c3fa4f2003dd, State: success, Value: {element-6066-11e4-a52e-4f735466cecf=7af4d8a7-45de-45b4-9cd8-cc7edfdc9b92})</message>
</record>
<record>
  <date>2024-01-07T02:10:43.291308Z</date>
  <millis>1704593443291</millis>
  <nanos>308000</nanos>
  <sequence>1157</sequence>
  <logger>org.openqa.selenium.remote.RemoteWebDriver</logger>
  <level>FINE</level>
  <class>org.openqa.selenium.remote.RemoteWebDriver</class>
  <method>log</method>
  <thread>1</thread>
  <message>Executing: sendKeysToElement [cc7bee2c-35ea-475c-bde3-c3fa4f2003dd, sendKeysToElement {id=7af4d8a7-45de-45b4-9cd8-cc7edfdc9b92, value=[Ljava.lang.CharSequence;@6fa2448b}]</message>
</record>
<record>
  <date>2024-01-07T02:10:43.291820Z</date>
  <millis>1704593443291</millis>
  <nanos>820000</nanos>
  <sequence>1158</sequence>
  <logger>org.openqa.selenium.remote.http.jdk.JdkHttpClient</logger>
  <level>FINE</level>
  <class>org.openqa.selenium.remote.http.jdk.JdkHttpClient</class>
  <method>execute0</method>
  <thread>1</thread>
  <message>Executing request: (POST) /session/cc7bee2c-35ea-475c-bde3-c3fa4f2003dd/element/7af4d8a7-45de-45b4-9cd8-cc7edfdc9b92/value</message>
</record>
<record>
  <date>2024-01-07T02:10:43.320553Z</date>
  <millis>1704593443320</millis>
  <nanos>553000</nanos>
  <sequence>1159</sequence>
  <logger>org.openqa.selenium.remote.http.jdk.JdkHttpClient</logger>
  <level>FINE</level>
  <class>org.openqa.selenium.remote.http.jdk.JdkHttpClient</class>
  <method>execute0</method>
  <thread>1</thread>
  <message>Ending request (POST) /session/cc7bee2c-35ea-475c-bde3-c3fa4f2003dd/element/7af4d8a7-45de-45b4-9cd8-cc7edfdc9b92/value in 29ms</message>
</record>
<record>
  <date>2024-01-07T02:10:43.321105Z</date>
  <millis>1704593443321</millis>
  <nanos>105000</nanos>
  <sequence>1160</sequence>
  <logger>org.openqa.selenium.remote.RemoteWebDriver</logger>
  <level>FINE</level>
  <class>org.openqa.selenium.remote.RemoteWebDriver</class>
  <method>log</method>
  <thread>1</thread>
  <message>Executed: sendKeysToElement (Response: SessionID: cc7bee2c-35ea-475c-bde3-c3fa4f2003dd, State: success, Value: null)</message>
</record>
<record>
  <date>2024-01-07T02:10:43.321960Z</date>
  <millis>1704593443321</millis>
  <nanos>960000</nanos>
  <sequence>1161</sequence>
  <logger>org.openqa.selenium.remote.RemoteWebDriver</logger>
  <level>FINE</level>
  <class>org.openqa.selenium.remote.RemoteWebDriver</class>
  <method>log</method>
  <thread>1</thread>
  <message>Executing: findElement [cc7bee2c-35ea-475c-bde3-c3fa4f2003dd, findElement {using=id, value=password}]</message>
</record>
<record>
  <date>2024-01-07T02:10:43.322466Z</date>
  <millis>1704593443322</millis>
  <nanos>466000</nanos>
  <sequence>1162</sequence>
  <logger>org.openqa.selenium.remote.http.jdk.JdkHttpClient</logger>
  <level>FINE</level>
  <class>org.openqa.selenium.remote.http.jdk.JdkHttpClient</class>
  <method>execute0</method>
  <thread>1</thread>
  <message>Executing request: (POST) /session/cc7bee2c-35ea-475c-bde3-c3fa4f2003dd/element</message>
</record>
<record>
  <date>2024-01-07T02:10:43.325380Z</date>
  <millis>1704593443325</millis>
  <nanos>380000</nanos>
  <sequence>1163</sequence>
  <logger>org.openqa.selenium.remote.http.jdk.JdkHttpClient</logger>
  <level>FINE</level>
  <class>org.openqa.selenium.remote.http.jdk.JdkHttpClient</class>
  <method>execute0</method>
  <thread>1</thread>
  <message>Ending request (POST) /session/cc7bee2c-35ea-475c-bde3-c3fa4f2003dd/element in 3ms</message>
</record>
<record>
  <date>2024-01-07T02:10:43.325743Z</date>
  <millis>1704593443325</millis>
  <nanos>743000</nanos>
  <sequence>1164</sequence>
  <logger>org.openqa.selenium.remote.RemoteWebDriver</logger>
  <level>FINE</level>
  <class>org.openqa.selenium.remote.RemoteWebDriver</class>
  <method>log</method>
  <thread>1</thread>
  <message>Executed: findElement (Response: SessionID: cc7bee2c-35ea-475c-bde3-c3fa4f2003dd, State: success, Value: {element-6066-11e4-a52e-4f735466cecf=9378d678-67fc-432f-9507-5d04df1d2fd0})</message>
</record>
<record>
  <date>2024-01-07T02:10:43.326142Z</date>
  <millis>1704593443326</millis>
  <nanos>142000</nanos>
  <sequence>1165</sequence>
  <logger>org.openqa.selenium.remote.RemoteWebDriver</logger>
  <level>FINE</level>
  <class>org.openqa.selenium.remote.RemoteWebDriver</class>
  <method>log</method>
  <thread>1</thread>
  <message>Executing: sendKeysToElement [cc7bee2c-35ea-475c-bde3-c3fa4f2003dd, sendKeysToElement {id=9378d678-67fc-432f-9507-5d04df1d2fd0, value=[Ljava.lang.CharSequence;@35d60381}]</message>
</record>
<record>
  <date>2024-01-07T02:10:43.326693Z</date>
  <millis>1704593443326</millis>
  <nanos>693000</nanos>
  <sequence>1166</sequence>
  <logger>org.openqa.selenium.remote.http.jdk.JdkHttpClient</logger>
  <level>FINE</level>
  <class>org.openqa.selenium.remote.http.jdk.JdkHttpClient</class>
  <method>execute0</method>
  <thread>1</thread>
  <message>Executing request: (POST) /session/cc7bee2c-35ea-475c-bde3-c3fa4f2003dd/element/9378d678-67fc-432f-9507-5d04df1d2fd0/value</message>
</record>
<record>
  <date>2024-01-07T02:10:43.337951Z</date>
  <millis>1704593443337</millis>
  <nanos>951000</nanos>
  <sequence>1167</sequence>
  <logger>org.openqa.selenium.remote.http.jdk.JdkHttpClient</logger>
  <level>FINE</level>
  <class>org.openqa.selenium.remote.http.jdk.JdkHttpClient</class>
  <method>execute0</method>
  <thread>1</thread>
  <message>Ending request (POST) /session/cc7bee2c-35ea-475c-bde3-c3fa4f2003dd/element/9378d678-67fc-432f-9507-5d04df1d2fd0/value in 11ms</message>
</record>
<record>
  <date>2024-01-07T02:10:43.338881Z</date>
  <millis>1704593443338</millis>
  <nanos>881000</nanos>
  <sequence>1168</sequence>
  <logger>org.openqa.selenium.remote.RemoteWebDriver</logger>
  <level>FINE</level>
  <class>org.openqa.selenium.remote.RemoteWebDriver</class>
  <method>log</method>
  <thread>1</thread>
  <message>Executed: sendKeysToElement (Response: SessionID: cc7bee2c-35ea-475c-bde3-c3fa4f2003dd, State: success, Value: null)</message>
</record>
<record>
  <date>2024-01-07T02:10:43.339830Z</date>
  <millis>1704593443339</millis>
  <nanos>830000</nanos>
  <sequence>1169</sequence>
  <logger>org.openqa.selenium.remote.RemoteWebDriver</logger>
  <level>FINE</level>
  <class>org.openqa.selenium.remote.RemoteWebDriver</class>
  <method>log</method>
  <thread>1</thread>
  <message>Executing: findElement [cc7bee2c-35ea-475c-bde3-c3fa4f2003dd, findElement {using=class name, value=radius}]</message>
</record>
<record>
  <date>2024-01-07T02:10:43.340254Z</date>
  <millis>1704593443340</millis>
  <nanos>254000</nanos>
  <sequence>1170</sequence>
  <logger>org.openqa.selenium.remote.http.jdk.JdkHttpClient</logger>
  <level>FINE</level>
  <class>org.openqa.selenium.remote.http.jdk.JdkHttpClient</class>
  <method>execute0</method>
  <thread>1</thread>
  <message>Executing request: (POST) /session/cc7bee2c-35ea-475c-bde3-c3fa4f2003dd/element</message>
</record>
<record>
  <date>2024-01-07T02:10:43.344077Z</date>
  <millis>1704593443344</millis>
  <nanos>77000</nanos>
  <sequence>1171</sequence>
  <logger>org.openqa.selenium.remote.http.jdk.JdkHttpClient</logger>
  <level>FINE</level>
  <class>org.openqa.selenium.remote.http.jdk.JdkHttpClient</class>
  <method>execute0</method>
  <thread>1</thread>
  <message>Ending request (POST) /session/cc7bee2c-35ea-475c-bde3-c3fa4f2003dd/element in 4ms</message>
</record>
<record>
  <date>2024-01-07T02:10:43.344616Z</date>
  <millis>1704593443344</millis>
  <nanos>616000</nanos>
  <sequence>1172</sequence>
  <logger>org.openqa.selenium.remote.RemoteWebDriver</logger>
  <level>FINE</level>
  <class>org.openqa.selenium.remote.RemoteWebDriver</class>
  <method>log</method>
  <thread>1</thread>
  <message>Executed: findElement (Response: SessionID: cc7bee2c-35ea-475c-bde3-c3fa4f2003dd, State: success, Value: {element-6066-11e4-a52e-4f735466cecf=cc27deaf-3c1e-4ce7-9f1b-422f7d2098d3})</message>
</record>
<record>
  <date>2024-01-07T02:10:43.344891Z</date>
  <millis>1704593443344</millis>
  <nanos>891000</nanos>
  <sequence>1173</sequence>
  <logger>org.openqa.selenium.remote.RemoteWebDriver</logger>
  <level>FINE</level>
  <class>org.openqa.selenium.remote.RemoteWebDriver</class>
  <method>log</method>
  <thread>1</thread>
  <message>Executing: clickElement [cc7bee2c-35ea-475c-bde3-c3fa4f2003dd, clickElement {id=cc27deaf-3c1e-4ce7-9f1b-422f7d2098d3}]</message>
</record>
<record>
  <date>2024-01-07T02:10:43.345908Z</date>
  <millis>1704593443345</millis>
  <nanos>908000</nanos>
  <sequence>1174</sequence>
  <logger>org.openqa.selenium.remote.http.jdk.JdkHttpClient</logger>
  <level>FINE</level>
  <class>org.openqa.selenium.remote.http.jdk.JdkHttpClient</class>
  <method>execute0</method>
  <thread>1</thread>
  <message>Executing request: (POST) /session/cc7bee2c-35ea-475c-bde3-c3fa4f2003dd/element/cc27deaf-3c1e-4ce7-9f1b-422f7d2098d3/click</message>
</record>
<record>
  <date>2024-01-07T02:10:43.724091Z</date>
  <millis>1704593443724</millis>
  <nanos>91000</nanos>
  <sequence>1175</sequence>
  <logger>org.openqa.selenium.remote.http.jdk.JdkHttpClient</logger>
  <level>FINE</level>
  <class>org.openqa.selenium.remote.http.jdk.JdkHttpClient</class>
  <method>execute0</method>
  <thread>1</thread>
  <message>Ending request (POST) /session/cc7bee2c-35ea-475c-bde3-c3fa4f2003dd/element/cc27deaf-3c1e-4ce7-9f1b-422f7d2098d3/click in 378ms</message>
</record>
<record>
  <date>2024-01-07T02:10:43.724581Z</date>
  <millis>1704593443724</millis>
  <nanos>581000</nanos>
  <sequence>1176</sequence>
  <logger>org.openqa.selenium.remote.RemoteWebDriver</logger>
  <level>FINE</level>
  <class>org.openqa.selenium.remote.RemoteWebDriver</class>
  <method>log</method>
  <thread>1</thread>
  <message>Executed: clickElement (Response: SessionID: cc7bee2c-35ea-475c-bde3-c3fa4f2003dd, State: success, Value: null)</message>
</record>
<record>
  <date>2024-01-07T02:10:43.725120Z</date>
  <millis>1704593443725</millis>
  <nanos>120000</nanos>
  <sequence>1177</sequence>
  <logger>org.openqa.selenium.remote.RemoteWebDriver</logger>
  <level>FINE</level>
  <class>org.openqa.selenium.remote.RemoteWebDriver</class>
  <method>log</method>
  <thread>1</thread>
  <message>Executing: findElement [cc7bee2c-35ea-475c-bde3-c3fa4f2003dd, findElement {using=id, value=flash-messages}]</message>
</record>
<record>
  <date>2024-01-07T02:10:43.725446Z</date>
  <millis>1704593443725</millis>
  <nanos>446000</nanos>
  <sequence>1178</sequence>
  <logger>org.openqa.selenium.remote.http.jdk.JdkHttpClient</logger>
  <level>FINE</level>
  <class>org.openqa.selenium.remote.http.jdk.JdkHttpClient</class>
  <method>execute0</method>
  <thread>1</thread>
  <message>Executing request: (POST) /session/cc7bee2c-35ea-475c-bde3-c3fa4f2003dd/element</message>
</record>
<record>
  <date>2024-01-07T02:10:43.727050Z</date>
  <millis>1704593443727</millis>
  <nanos>50000</nanos>
  <sequence>1179</sequence>
  <logger>org.openqa.selenium.remote.http.jdk.JdkHttpClient</logger>
  <level>FINE</level>
  <class>org.openqa.selenium.remote.http.jdk.JdkHttpClient</class>
  <method>execute0</method>
  <thread>1</thread>
  <message>Ending request (POST) /session/cc7bee2c-35ea-475c-bde3-c3fa4f2003dd/element in 2ms</message>
</record>
<record>
  <date>2024-01-07T02:10:43.727305Z</date>
  <millis>1704593443727</millis>
  <nanos>305000</nanos>
  <sequence>1180</sequence>
  <logger>org.openqa.selenium.remote.RemoteWebDriver</logger>
  <level>FINE</level>
  <class>org.openqa.selenium.remote.RemoteWebDriver</class>
  <method>log</method>
  <thread>1</thread>
  <message>Executed: findElement (Response: SessionID: cc7bee2c-35ea-475c-bde3-c3fa4f2003dd, State: success, Value: {element-6066-11e4-a52e-4f735466cecf=f0f373f4-f04e-49a1-a5f7-3942ba33350b})</message>
</record>
<record>
  <date>2024-01-07T02:10:43.727461Z</date>
  <millis>1704593443727</millis>
  <nanos>461000</nanos>
  <sequence>1181</sequence>
  <logger>org.openqa.selenium.remote.RemoteWebDriver</logger>
  <level>FINE</level>
  <class>org.openqa.selenium.remote.RemoteWebDriver</class>
  <method>log</method>
  <thread>1</thread>
  <message>Executing: getElementText [cc7bee2c-35ea-475c-bde3-c3fa4f2003dd, getElementText {id=f0f373f4-f04e-49a1-a5f7-3942ba33350b}]</message>
</record>
<record>
  <date>2024-01-07T02:10:43.727595Z</date>
  <millis>1704593443727</millis>
  <nanos>595000</nanos>
  <sequence>1182</sequence>
  <logger>org.openqa.selenium.remote.http.jdk.JdkHttpClient</logger>
  <level>FINE</level>
  <class>org.openqa.selenium.remote.http.jdk.JdkHttpClient</class>
  <method>execute0</method>
  <thread>1</thread>
  <message>Executing request: (GET) /session/cc7bee2c-35ea-475c-bde3-c3fa4f2003dd/element/f0f373f4-f04e-49a1-a5f7-3942ba33350b/text</message>
</record>
<record>
  <date>2024-01-07T02:10:43.737072Z</date>
  <millis>1704593443737</millis>
  <nanos>72000</nanos>
  <sequence>1183</sequence>
  <logger>org.openqa.selenium.remote.http.jdk.JdkHttpClient</logger>
  <level>FINE</level>
  <class>org.openqa.selenium.remote.http.jdk.JdkHttpClient</class>
  <method>execute0</method>
  <thread>1</thread>
  <message>Ending request (GET) /session/cc7bee2c-35ea-475c-bde3-c3fa4f2003dd/element/f0f373f4-f04e-49a1-a5f7-3942ba33350b/text in 10ms</message>
</record>
<record>
  <date>2024-01-07T02:10:43.737348Z</date>
  <millis>1704593443737</millis>
  <nanos>348000</nanos>
  <sequence>1184</sequence>
  <logger>org.openqa.selenium.remote.RemoteWebDriver</logger>
  <level>FINE</level>
  <class>org.openqa.selenium.remote.RemoteWebDriver</class>
  <method>log</method>
  <thread>1</thread>
  <message>Executed: getElementText (Response: SessionID: cc7bee2c-35ea-475c-bde3-c3fa4f2003dd, State: success, Value: Your username is invalid!
)</message>
</record>
<record>
  <date>2024-01-07T02:10:43.737755Z</date>
  <millis>1704593443737</millis>
  <nanos>755000</nanos>
  <sequence>1185</sequence>
  <logger></logger>
  <level>INFO</level>
  <class>StepDefinitionsDemoQA</class>
  <method>tearDown</method>
  <thread>1</thread>
  <message>Closed Browser</message>
</record>
<record>
  <date>2024-01-07T02:10:43.738439Z</date>
  <millis>1704593443738</millis>
  <nanos>439000</nanos>
  <sequence>1186</sequence>
  <logger>org.openqa.selenium.remote.RemoteWebDriver</logger>
  <level>FINE</level>
  <class>org.openqa.selenium.remote.RemoteWebDriver</class>
  <method>log</method>
  <thread>1</thread>
  <message>Executing: getCurrentUrl [cc7bee2c-35ea-475c-bde3-c3fa4f2003dd, getCurrentUrl {}]</message>
</record>
<record>
  <date>2024-01-07T02:10:43.738658Z</date>
  <millis>1704593443738</millis>
  <nanos>658000</nanos>
  <sequence>1187</sequence>
  <logger>org.openqa.selenium.remote.http.jdk.JdkHttpClient</logger>
  <level>FINE</level>
  <class>org.openqa.selenium.remote.http.jdk.JdkHttpClient</class>
  <method>execute0</method>
  <thread>1</thread>
  <message>Executing request: (GET) /session/cc7bee2c-35ea-475c-bde3-c3fa4f2003dd/url</message>
</record>
<record>
  <date>2024-01-07T02:10:43.739765Z</date>
  <millis>1704593443739</millis>
  <nanos>765000</nanos>
  <sequence>1188</sequence>
  <logger>org.openqa.selenium.remote.http.jdk.JdkHttpClient</logger>
  <level>FINE</level>
  <class>org.openqa.selenium.remote.http.jdk.JdkHttpClient</class>
  <method>execute0</method>
  <thread>1</thread>
  <message>Ending request (GET) /session/cc7bee2c-35ea-475c-bde3-c3fa4f2003dd/url in 1ms</message>
</record>
<record>
  <date>2024-01-07T02:10:43.739985Z</date>
  <millis>1704593443739</millis>
  <nanos>985000</nanos>
  <sequence>1189</sequence>
  <logger>org.openqa.selenium.remote.RemoteWebDriver</logger>
  <level>FINE</level>
  <class>org.openqa.selenium.remote.RemoteWebDriver</class>
  <method>log</method>
  <thread>1</thread>
  <message>Executed: getCurrentUrl (Response: SessionID: cc7bee2c-35ea-475c-bde3-c3fa4f2003dd, State: success, Value: https://the-internet.herokuapp.com/login)</message>
</record>
<record>
  <date>2024-01-07T02:10:43.744099Z</date>
  <millis>1704593443744</millis>
  <nanos>99000</nanos>
  <sequence>1190</sequence>
  <logger>org.openqa.selenium.devtools.CdpVersionFinder</logger>
  <level>FINE</level>
  <class>org.openqa.selenium.devtools.CdpVersionFinder</class>
  <method>findNearestMatch</method>
  <thread>1</thread>
  <message>Found exact CDP implementation for version 85</message>
</record>
<record>
  <date>2024-01-07T02:10:43.744583Z</date>
  <millis>1704593443744</millis>
  <nanos>583000</nanos>
  <sequence>1191</sequence>
  <logger>org.openqa.selenium.remote.http.WebSocket</logger>
  <level>FINE</level>
  <class>org.openqa.selenium.remote.http.jdk.JdkHttpClient$5</class>
  <method>close</method>
  <thread>1</thread>
  <message>Closing websocket</message>
</record>
<record>
  <date>2024-01-07T02:10:43.744678Z</date>
  <millis>1704593443744</millis>
  <nanos>678000</nanos>
  <sequence>1192</sequence>
  <logger>org.openqa.selenium.remote.http.WebSocket</logger>
  <level>FINE</level>
  <class>org.openqa.selenium.remote.http.jdk.JdkHttpClient$5</class>
  <method>send</method>
  <thread>1</thread>
  <message>Sending close message, statusCode 1000, reason: WebDriver closing socket</message>
</record>
<record>
  <date>2024-01-07T02:10:43.744919Z</date>
  <millis>1704593443744</millis>
  <nanos>919000</nanos>
  <sequence>1193</sequence>
  <logger>org.openqa.selenium.remote.http.WebSocket</logger>
  <level>FINE</level>
  <class>org.openqa.selenium.remote.http.jdk.JdkHttpClient$5</class>
  <method>send</method>
  <thread>1</thread>
  <message>Websocket response to org.openqa.selenium.remote.http.CloseMessage@4391a2d8 read in 0ms</message>
</record>
<record>
  <date>2024-01-07T02:10:43.745007Z</date>
  <millis>1704593443745</millis>
  <nanos>7000</nanos>
  <sequence>1194</sequence>
  <logger>org.openqa.selenium.remote.http.WebSocket</logger>
  <level>FINE</level>
  <class>org.openqa.selenium.remote.http.jdk.JdkHttpClient$5</class>
  <method>close</method>
  <thread>1</thread>
  <message>Closing websocket</message>
</record>
<record>
  <date>2024-01-07T02:10:43.745082Z</date>
  <millis>1704593443745</millis>
  <nanos>82000</nanos>
  <sequence>1195</sequence>
  <logger>org.openqa.selenium.remote.http.WebSocket</logger>
  <level>FINE</level>
  <class>org.openqa.selenium.remote.http.jdk.JdkHttpClient$5</class>
  <method>send</method>
  <thread>1</thread>
  <message>Output is closed, not sending close message</message>
</record>
<record>
  <date>2024-01-07T02:10:43.745200Z</date>
  <millis>1704593443745</millis>
  <nanos>200000</nanos>
  <sequence>1196</sequence>
  <logger>org.openqa.selenium.remote.RemoteWebDriver</logger>
  <level>FINE</level>
  <class>org.openqa.selenium.remote.RemoteWebDriver</class>
  <method>log</method>
  <thread>1</thread>
  <message>Executing: quit [cc7bee2c-35ea-475c-bde3-c3fa4f2003dd, quit {}]</message>
</record>
<record>
  <date>2024-01-07T02:10:43.745425Z</date>
  <millis>1704593443745</millis>
  <nanos>425000</nanos>
  <sequence>1197</sequence>
  <logger>org.openqa.selenium.remote.http.jdk.JdkHttpClient</logger>
  <level>FINE</level>
  <class>org.openqa.selenium.remote.http.jdk.JdkHttpClient</class>
  <method>execute0</method>
  <thread>183</thread>
  <message>Executing request: (DELETE) /session/cc7bee2c-35ea-475c-bde3-c3fa4f2003dd</message>
</record>
<record>
  <date>2024-01-07T02:10:43.746226Z</date>
  <millis>1704593443746</millis>
  <nanos>226000</nanos>
  <sequence>1198</sequence>
  <logger>org.openqa.selenium.remote.http.jdk.JdkHttpClient</logger>
  <level>FINE</level>
  <class>org.openqa.selenium.remote.http.jdk.JdkHttpClient$4</class>
  <method>onClose</method>
  <thread>32</thread>
  <message>Closing websocket</message>
</record>
<record>
  <date>2024-01-07T02:10:44.115625Z</date>
  <millis>1704593444115</millis>
  <nanos>625000</nanos>
  <sequence>1199</sequence>
  <logger>org.openqa.selenium.remote.http.jdk.JdkHttpClient</logger>
  <level>FINE</level>
  <class>org.openqa.selenium.remote.http.jdk.JdkHttpClient</class>
  <method>execute0</method>
  <thread>183</thread>
  <message>Ending request (DELETE) /session/cc7bee2c-35ea-475c-bde3-c3fa4f2003dd in 370ms</message>
</record>
<record>
  <date>2024-01-07T02:10:44.116793Z</date>
  <millis>1704593444116</millis>
  <nanos>793000</nanos>
  <sequence>1200</sequence>
  <logger>org.openqa.selenium.os.ExternalProcess</logger>
  <level>WARNING</level>
  <class>org.openqa.selenium.os.ExternalProcess$Builder</class>
  <method>lambda$start$0</method>
  <thread>171</thread>
  <message>failed to copy the output of process 47960</message>
  <exception>
    <message>java.io.IOException: Stream closed</message>
    <frame>
      <class>java.io.BufferedInputStream</class>
      <method>ensureOpen</method>
      <line>206</line>
    </frame>
    <frame>
      <class>java.io.BufferedInputStream</class>
      <method>implRead</method>
      <line>411</line>
    </frame>
    <frame>
      <class>java.io.BufferedInputStream</class>
      <method>read</method>
      <line>405</line>
    </frame>
    <frame>
      <class>java.io.InputStream</class>
      <method>transferTo</method>
      <line>796</line>
    </frame>
    <frame>
      <class>java.io.BufferedInputStream</class>
      <method>implTransferTo</method>
      <line>657</line>
    </frame>
    <frame>
      <class>java.io.BufferedInputStream</class>
      <method>transferTo</method>
      <line>637</line>
    </frame>
    <frame>
      <class>org.openqa.selenium.os.ExternalProcess$Builder</class>
      <method>lambda$start$0</method>
      <line>209</line>
    </frame>
    <frame>
      <class>java.lang.Thread</class>
      <method>run</method>
      <line>1583</line>
    </frame>
  </exception>
</record>
<record>
  <date>2024-01-07T02:10:44.117394Z</date>
  <millis>1704593444117</millis>
  <nanos>394000</nanos>
  <sequence>1201</sequence>
  <logger>org.openqa.selenium.os.ExternalProcess</logger>
  <level>WARNING</level>
  <class>org.openqa.selenium.os.ExternalProcess$Builder</class>
  <method>lambda$start$0</method>
  <thread>171</thread>
  <message>failed to copy the output of process 47960</message>
  <exception>
    <message>java.io.IOException: Stream closed</message>
    <frame>
      <class>java.io.BufferedInputStream</class>
      <method>ensureOpen</method>
      <line>206</line>
    </frame>
    <frame>
      <class>java.io.BufferedInputStream</class>
      <method>implRead</method>
      <line>411</line>
    </frame>
    <frame>
      <class>java.io.BufferedInputStream</class>
      <method>read</method>
      <line>405</line>
    </frame>
    <frame>
      <class>java.io.InputStream</class>
      <method>transferTo</method>
      <line>796</line>
    </frame>
    <frame>
      <class>java.io.BufferedInputStream</class>
      <method>implTransferTo</method>
      <line>657</line>
    </frame>
    <frame>
      <class>java.io.BufferedInputStream</class>
      <method>transferTo</method>
      <line>637</line>
    </frame>
    <frame>
      <class>org.openqa.selenium.os.ExternalProcess$Builder</class>
      <method>lambda$start$0</method>
      <line>209</line>
    </frame>
    <frame>
      <class>java.lang.Thread</class>
      <method>run</method>
      <line>1583</line>
    </frame>
  </exception>
</record>
<record>
  <date>2024-01-07T02:10:44.118583Z</date>
  <millis>1704593444118</millis>
  <nanos>583000</nanos>
  <sequence>1202</sequence>
  <logger>org.openqa.selenium.remote.RemoteWebDriver</logger>
  <level>FINE</level>
  <class>org.openqa.selenium.remote.RemoteWebDriver</class>
  <method>log</method>
  <thread>1</thread>
  <message>Executed: quit (Response: SessionID: cc7bee2c-35ea-475c-bde3-c3fa4f2003dd, State: success, Value: null)</message>
</record>
<record>
  <date>2024-01-07T02:10:44.118778Z</date>
  <millis>1704593444118</millis>
  <nanos>778000</nanos>
  <sequence>1203</sequence>
  <logger></logger>
  <level>INFO</level>
  <class>StepDefinitionsTheInternet</class>
  <method>tearDown</method>
  <thread>1</thread>
  <message>Closed Browser.</message>
</record>
<record>
  <date>2024-01-07T02:10:44.119279Z</date>
  <millis>1704593444119</millis>
  <nanos>279000</nanos>
  <sequence>1204</sequence>
  <logger>io.cucumber.junit.platform.engine.CucumberEngineExecutionContext</logger>
  <level>FINE</level>
  <class>io.cucumber.junit.platform.engine.CucumberEngineExecutionContext</class>
  <method>lambda$runTestCase$4</method>
  <thread>1</thread>
  <message>Finished test case Login with invalid credentials</message>
</record>
<record>
  <date>2024-01-07T02:10:44.130489Z</date>
  <millis>1704593444130</millis>
  <nanos>489000</nanos>
  <sequence>1205</sequence>
  <logger>io.cucumber.junit.platform.engine.CucumberEngineExecutionContext</logger>
  <level>FINE</level>
  <class>io.cucumber.junit.platform.engine.CucumberEngineExecutionContext</class>
  <method>runAfterAllHooks</method>
  <thread>1</thread>
  <message>Running after all hooks</message>
</record>
<record>
  <date>2024-01-07T02:10:44.131016Z</date>
  <millis>1704593444131</millis>
  <nanos>16000</nanos>
  <sequence>1206</sequence>
  <logger>io.cucumber.junit.platform.engine.CucumberEngineExecutionContext</logger>
  <level>FINE</level>
  <class>io.cucumber.junit.platform.engine.CucumberEngineExecutionContext</class>
  <method>finishTestRun</method>
  <thread>1</thread>
  <message>Finishing test run</message>
</record>
<record>
  <date>2024-01-07T02:10:44.131178Z</date>
  <millis>1704593444131</millis>
  <nanos>178000</nanos>
  <sequence>1207</sequence>
  <logger>io.cucumber.core.runtime.CucumberExecutionContext</logger>
  <level>FINE</level>
  <class>io.cucumber.core.runtime.CucumberExecutionContext</class>
  <method>finishTestRun</method>
  <thread>1</thread>
  <message>Sending test run finished event</message>
</record>
<record>
  <date>2024-01-07T02:10:44.175940Z</date>
  <millis>1704593444175</millis>
  <nanos>940000</nanos>
  <sequence>1208</sequence>
  <logger>java.lang.Runtime</logger>
  <level>FINE</level>
  <class>java.lang.Shutdown</class>
  <method>logRuntimeExit</method>
  <thread>1</thread>
  <message>Runtime.exit() called with status: 0</message>
  <exception>
    <message>java.lang.Throwable: Runtime.exit(0)</message>
    <frame>
      <class>java.lang.Shutdown</class>
      <method>logRuntimeExit</method>
      <line>179</line>
    </frame>
    <frame>
      <class>java.lang.Shutdown</class>
      <method>exit</method>
      <line>160</line>
    </frame>
    <frame>
      <class>java.lang.Runtime</class>
      <method>exit</method>
      <line>188</line>
    </frame>
    <frame>
      <class>java.lang.System</class>
      <method>exit</method>
      <line>1916</line>
    </frame>
    <frame>
      <class>org.apache.maven.surefire.booter.ForkedBooter</class>
      <method>acknowledgedExit</method>
      <line>381</line>
    </frame>
    <frame>
      <class>org.apache.maven.surefire.booter.ForkedBooter</class>
      <method>execute</method>
      <line>178</line>
    </frame>
    <frame>
      <class>org.apache.maven.surefire.booter.ForkedBooter</class>
      <method>run</method>
      <line>507</line>
    </frame>
    <frame>
      <class>org.apache.maven.surefire.booter.ForkedBooter</class>
      <method>main</method>
      <line>495</line>
    </frame>
  </exception>
</record>
</log>
